0 info it worked if it ends with ok
1 verbose cli [ 'C:\\Program Files\\nodejs\\node.exe',
1 verbose cli   'C:\\Program Files\\nodejs\\node_modules\\npm\\bin\\npm-cli.js',
1 verbose cli   'start' ]
2 info using npm@3.10.10
3 info using node@v6.11.3
4 verbose run-script [ 'prestart', 'start', 'poststart' ]
5 info lifecycle server_per_laura@1.0.0~prestart: server_per_laura@1.0.0
6 silly lifecycle server_per_laura@1.0.0~prestart: no script for prestart, continuing
7 info lifecycle server_per_laura@1.0.0~start: server_per_laura@1.0.0
8 verbose lifecycle server_per_laura@1.0.0~start: unsafe-perm in lifecycle true
9 verbose lifecycle server_per_laura@1.0.0~start: PATH: C:\Program Files\nodejs\node_modules\npm\bin\node-gyp-bin;C:\Users\Dell\Documents\Server per laura\node_modules\.bin;C:\Program Files (x86)\Borland\Delphi7\Bin;C:\Program Files (x86)\Borland\Delphi7\Projects\Bpl\;C:\ProgramData\Oracle\Java\javapath;C:\Program Files\Dell\DW WLAN Card;C:\Program Files (x86)\Intel\iCLS Client\;C:\Program Files\Intel\iCLS Client\;C:\Windows\system32;C:\Windows;C:\Windows\System32\Wbem;C:\Windows\System32\WindowsPowerShell\v1.0\;C:\Program Files (x86)\Intel\Intel(R) Management Engine Components\DAL;C:\Program Files\Intel\Intel(R) Management Engine Components\DAL;C:\Program Files (x86)\Intel\Intel(R) Management Engine Components\IPT;C:\Program Files\Intel\Intel(R) Management Engine Components\IPT;C:\Program Files\WIDCOMM\Bluetooth Software\;C:\Program Files\WIDCOMM\Bluetooth Software\syswow64;C:\WINDOWS\system32;C:\WINDOWS;C:\WINDOWS\System32\Wbem;C:\WINDOWS\System32\WindowsPowerShell\v1.0\;C:\Program Files (x86)\NVIDIA Corporation\PhysX\Common;C:\Program Files\LuxRender;c:\python;C:\Program Files\Git\cmd;C:\Program Files\TortoiseSVN\bin;C:\Program Files\MATLAB\R2016b\runtime\win64;C:\Program Files\MATLAB\R2016b\bin;C:\Program Files\MATLAB\R2016b\polyspace\bin;C:\Program Files (x86)\uncrustify\;C:\Python\Scripts;C:\Python;C:\Program Files (x86)\Pandoc\;C:\Program Files\Microsoft\Web Platform Installer\;C:\Program Files\RedHat\java-1.8.0-openjdk-1.8.0.131-1\bin;C:\Program Files (x86)\Windows Kits\8.1\Windows Performance Toolkit\;C:\Program Files\nodejs\;C:\TDM-GCC-32\bin;C:\Program Files\Microsoft SQL Server\130\Tools\Binn\;C:\stack\bin;C:\Users\Dell\Anaconda3;C:\Users\Dell\Anaconda3\Scripts;C:\Users\Dell\Anaconda3\Library\bin;C:\Users\Dell\AppData\Local\Microsoft\WindowsApps;C:\Program Files (x86)\Nmap;C:\Users\Dell\AppData\Local\atom\bin;C:\Program Files (x86)\uncrustify\;C:\Python;C:\Python\Scripts;C:\Users\Dell\AppData\Local\Microsoft\WindowsApps;C:\Program Files (x86)\Microsoft VS Code\bin;C:\Program Files\Docker Toolbox;C:\Users\Dell\AppData\Roaming\npm;
10 verbose lifecycle server_per_laura@1.0.0~start: CWD: C:\Users\Dell\Documents\Server per laura
11 silly lifecycle server_per_laura@1.0.0~start: Args: [ '/d /s /c', 'node server.js' ]
12 silly lifecycle server_per_laura@1.0.0~start: Returned: code: 3221225786  signal: null
13 info lifecycle server_per_laura@1.0.0~start: Failed to exec start script
14 verbose stack Error: server_per_laura@1.0.0 start: `node server.js`
14 verbose stack Exit status 3221225786
14 verbose stack     at EventEmitter.<anonymous> (C:\Program Files\nodejs\node_modules\npm\lib\utils\lifecycle.js:255:16)
14 verbose stack     at emitTwo (events.js:106:13)
14 verbose stack     at EventEmitter.emit (events.js:191:7)
14 verbose stack     at ChildProcess.<anonymous> (C:\Program Files\nodejs\node_modules\npm\lib\utils\spawn.js:40:14)
14 verbose stack     at emitTwo (events.js:106:13)
14 verbose stack     at ChildProcess.emit (events.js:191:7)
14 verbose stack     at maybeClose (internal/child_process.js:920:16)
14 verbose stack     at Process.ChildProcess._handle.onexit (internal/child_process.js:230:5)
15 verbose pkgid server_per_laura@1.0.0
16 verbose cwd C:\Users\Dell\Documents\Server per laura
17 error Windows_NT 10.0.16299
18 error argv "C:\\Program Files\\nodejs\\node.exe" "C:\\Program Files\\nodejs\\node_modules\\npm\\bin\\npm-cli.js" "start"
19 error node v6.11.3
20 error npm  v3.10.10
21 error code ELIFECYCLE
22 error server_per_laura@1.0.0 start: `node server.js`
22 error Exit status 3221225786
23 error Failed at the server_per_laura@1.0.0 start script 'node server.js'.
23 error Make sure you have the latest version of node.js and npm installed.
23 error If you do, this is most likely a problem with the server_per_laura package,
23 error not with npm itself.
23 error Tell the author that this fails on your system:
23 error     node server.js
23 error You can get information on how to open an issue for this project with:
23 error     npm bugs server_per_laura
23 error Or if that isn't available, you can get their info via:
23 error     npm owner ls server_per_laura
23 error There is likely additional logging output above.
24 verbose exit [ 1, true ]
